 
STEADY-STATE RESULTS:
 
Y   		 1.45042
C   		 0.851953
K   		 15.4193
G   		 0.290085
z   		 0
g   		 0
N   		 0.299996
tau 		 0.2
 
MODEL SUMMARY
 
  Number of variables:         8
  Number of stochastic shocks: 2
  Number of state variables:   3
  Number of jumpers:           4
  Number of static variables:  1


MATRIX OF COVARIANCE OF EXOGENOUS SHOCKS

Variables    ez        eg        
ez           0.000000  0.000000
eg           0.000000  1.000000
 
POLICY AND TRANSITION FUNCTIONS
                                     Y               C               K               G               z               g               N               tau
Constant                    1.450423        0.851953       15.419266        0.290085               0               0        0.299996        0.200000
K(-1)                       0.037660        0.032303        0.985357               0               0               0        0.000012       -0.005193
z(-1)                       2.044514        0.547028        1.497486               0        0.900000               0        0.254796       -0.281920
g(-1)                      -0.177350       -0.236707       -0.216223        0.275581               0        0.950000       -0.061137        0.214455
ez                          0.015902        0.004255        0.011647               0        0.007000               0        0.001982       -0.002193
eg                         -0.001867       -0.002492       -0.002276        0.002901               0        0.010000       -0.000644        0.002257


MOMENTS OF SIMULATED VARIABLES

VARIABLE      MEAN            STD. DEV.       VARIANCE        SKEWNESS        KURTOSIS        
Y                 1.458573        0.006470        0.000042       -0.657487        0.213628
C                 0.860121        0.006917        0.000048       -0.298868       -0.312094
K                15.570957        0.129070        0.016659       -1.447133        1.591682
G                 0.286251        0.006102        0.000037       -0.235243       -0.417096
z                 0.000000        0.000000        0.000000       -0.426842       -0.288137
g                -0.013217        0.021034        0.000442       -0.235243       -0.417096
N                 0.300848        0.001354        0.000002        0.235069       -0.417835
tau               0.196233        0.004835        0.000023       -0.201307       -0.512577


CORRELATION OF SIMULATED VARIABLES

VARIABLE    Y       C       K       G       z       g       N       tau     
Y           1.0000  0.9787  0.8175 -0.6511  0.8512 -0.6511  0.6520 -0.7510
C           0.9787  1.0000  0.6816 -0.7932  0.7804 -0.7932  0.7939 -0.8707
K           0.8175  0.6816  1.0000 -0.0951  0.8433 -0.0951  0.0962 -0.2336
G          -0.6511 -0.7932 -0.0951  1.0000 -0.3599  1.0000 -1.0000  0.9901
z           0.8512  0.7804  0.8433 -0.3599  1.0000 -0.3599  0.3608 -0.4702
g          -0.6511 -0.7932 -0.0951  1.0000 -0.3599  1.0000 -1.0000  0.9901
N           0.6520  0.7939  0.0962 -1.0000  0.3608 -1.0000  1.0000 -0.9903
tau        -0.7510 -0.8707 -0.2336  0.9901 -0.4702  0.9901 -0.9903  1.0000


AUTOCORRELATION OF SIMULATED VARIABLES

VARIABLE    1       2       3       4       5       
Y           0.9577  0.9202  0.8786  0.8457  0.8155
C           0.9356  0.8787  0.8161  0.7674  0.7234
K           0.9981  0.9957  0.9922  0.9877  0.9825
G           0.8904  0.7940  0.6883  0.6074  0.5347
z           0.9924  0.9789  0.9594  0.9360  0.9096
g           0.8904  0.7940  0.6883  0.6074  0.5347
N           0.8904  0.7941  0.6883  0.6074  0.5348
tau         0.8946  0.8018  0.6998  0.6215  0.5512
